/home/alex/Projects/master/boost/CMakeLists.txt
/home/alex/Projects/master/boost/LICENSE_1_0.txt
/home/alex/Projects/master/boost/cmake/.travis.yml
/home/alex/Projects/master/boost/cmake/CMakeLists.txt
/home/alex/Projects/master/boost/cmake/README.md
/home/alex/Projects/master/boost/cmake/appveyor.yml
/home/alex/Projects/master/boost/cmake/doc/Makefile
/home/alex/Projects/master/boost/cmake/doc/conf.py
/home/alex/Projects/master/boost/cmake/doc/index.rst
/home/alex/Projects/master/boost/cmake/doc/make.bat
/home/alex/Projects/master/boost/cmake/doc/requirements.txt
/home/alex/Projects/master/boost/cmake/doc/src/BCMDeploy.rst
/home/alex/Projects/master/boost/cmake/doc/src/BCMExport.rst
/home/alex/Projects/master/boost/cmake/doc/src/BCMIgnorePackage.rst
/home/alex/Projects/master/boost/cmake/doc/src/BCMInstallTargets.rst
/home/alex/Projects/master/boost/cmake/doc/src/BCMPkgConfig.rst
/home/alex/Projects/master/boost/cmake/doc/src/BCMProperties.rst
/home/alex/Projects/master/boost/cmake/doc/src/BCMSetupVersion.rst
/home/alex/Projects/master/boost/cmake/doc/src/BCMTest.rst
/home/alex/Projects/master/boost/cmake/doc/src/Building.rst
/home/alex/Projects/master/boost/cmake/doc/src/Intro.rst
/home/alex/Projects/master/boost/cmake/doc/src/Modules.rst
/home/alex/Projects/master/boost/cmake/share/bcm/cmake/BCMConfig.cmake
/home/alex/Projects/master/boost/cmake/share/bcm/cmake/BCMDeploy.cmake
/home/alex/Projects/master/boost/cmake/share/bcm/cmake/BCMExport.cmake
/home/alex/Projects/master/boost/cmake/share/bcm/cmake/BCMFuture.cmake
/home/alex/Projects/master/boost/cmake/share/bcm/cmake/BCMIgnorePackage.cmake
/home/alex/Projects/master/boost/cmake/share/bcm/cmake/BCMInstallTargets.cmake
/home/alex/Projects/master/boost/cmake/share/bcm/cmake/BCMPkgConfig.cmake
/home/alex/Projects/master/boost/cmake/share/bcm/cmake/BCMProperties.cmake
/home/alex/Projects/master/boost/cmake/share/bcm/cmake/BCMSetupVersion.cmake
/home/alex/Projects/master/boost/cmake/share/bcm/cmake/BCMTest.cmake
/home/alex/Projects/master/boost/cmake/share/bcm/cmake/BCMToSnakeCase.cmake
/home/alex/Projects/master/boost/cmake/share/bcm/cmake/version.hpp
/home/alex/Projects/master/boost/cmake/test/CMakeLists.txt
/home/alex/Projects/master/boost/cmake/test/basicapp/CMakeLists.txt
/home/alex/Projects/master/boost/cmake/test/basicapp/main.cpp
/home/alex/Projects/master/boost/cmake/test/checkprop/CMakeLists.txt
/home/alex/Projects/master/boost/cmake/test/fail/simple-test.cmake
/home/alex/Projects/master/boost/cmake/test/findpackagecheck/CMakeLists.txt
/home/alex/Projects/master/boost/cmake/test/findpackagecheck/main.cpp.in
/home/alex/Projects/master/boost/cmake/test/libbasic/CMakeLists.txt
/home/alex/Projects/master/boost/cmake/test/libbasic/main.cpp
/home/alex/Projects/master/boost/cmake/test/libbasic/test.cpp
/home/alex/Projects/master/boost/cmake/test/libbasicnamespace/CMakeLists.txt
/home/alex/Projects/master/boost/cmake/test/libbasicnamespace/main.cpp
/home/alex/Projects/master/boost/cmake/test/libbasicnamespace/test.cpp
/home/alex/Projects/master/boost/cmake/test/libsimple/CMakeLists.txt
/home/alex/Projects/master/boost/cmake/test/libsimple/compiletest.cpp
/home/alex/Projects/master/boost/cmake/test/libsimple/compiletestwillfail.cpp
/home/alex/Projects/master/boost/cmake/test/libsimple/include/simple.h
/home/alex/Projects/master/boost/cmake/test/libsimple/test.cpp
/home/alex/Projects/master/boost/cmake/test/libsimple/testwillfail.cpp
/home/alex/Projects/master/boost/cmake/test/libsimplecustomname/CMakeLists.txt
/home/alex/Projects/master/boost/cmake/test/libsimplecustomname/compiletest.cpp
/home/alex/Projects/master/boost/cmake/test/libsimplecustomname/include/simple.h
/home/alex/Projects/master/boost/cmake/test/libsimplecustomname/test.cpp
/home/alex/Projects/master/boost/cmake/test/libsimplenamespace/CMakeLists.txt
/home/alex/Projects/master/boost/cmake/test/libsimplenamespace/compiletest.cpp
/home/alex/Projects/master/boost/cmake/test/libsimplenamespace/include/simple.h
/home/alex/Projects/master/boost/cmake/test/libsimplenamespace/test.cpp
/home/alex/Projects/master/boost/cmake/test/parseversion/CMakeLists.txt
/home/alex/Projects/master/boost/cmake/test/parseversion/compiletest.cpp
/home/alex/Projects/master/boost/cmake/test/parseversion/include/simple.h
/home/alex/Projects/master/boost/cmake/test/parseversion/include/version.h
/home/alex/Projects/master/boost/cmake/test/parseversion/test.cpp
/home/alex/Projects/master/boost/cmake/test/pass/basic.cmake
/home/alex/Projects/master/boost/cmake/test/pass/defaultproperties.cmake
/home/alex/Projects/master/boost/cmake/test/pass/parseversion.cmake
/home/alex/Projects/master/boost/cmake/test/pass/properties.cmake
/home/alex/Projects/master/boost/cmake/test/pass/simple-shared.cmake
/home/alex/Projects/master/boost/cmake/test/pass/simple-test-build.cmake
/home/alex/Projects/master/boost/cmake/test/pass/simple-test-shared.cmake
/home/alex/Projects/master/boost/cmake/test/pass/simple-test.cmake
/home/alex/Projects/master/boost/cmake/test/pass/simple.cmake
/home/alex/Projects/master/boost/cmake/test/pass/simplecustomname.cmake
/home/alex/Projects/master/boost/cmake/test/pass/simplenamespace.cmake
/home/alex/Projects/master/boost/cmake/test/pass/superproject.cmake
/home/alex/Projects/master/boost/cmake/test/pkgconfigcheck/CMakeLists.txt
/home/alex/Projects/master/boost/cmake/test/properties/CMakeLists.txt
/home/alex/Projects/master/boost/cmake/test/properties/include/simple.h
/home/alex/Projects/master/boost/cmake/test/properties/nowarnings.cpp
/home/alex/Projects/master/boost/cmake/test/properties/rtti.cpp
/home/alex/Projects/master/boost/cmake/test/properties/test.cpp
/home/alex/Projects/master/boost/cmake/test/properties/throw.cpp
/home/alex/Projects/master/boost/cmake/test/properties/warnings.cpp
/home/alex/Projects/master/boost/cmake/test/simpletest/CMakeLists.txt
/home/alex/Projects/master/boost/cmake/test/simpletest/include/simple.h
/home/alex/Projects/master/boost/cmake/test/simpletest/simple.cpp
/home/alex/Projects/master/boost/cmake/test/simpletest/test.cpp
/home/alex/Projects/master/boost/cmake/test/simpletest/test/CMakeLists.txt
/home/alex/Projects/master/boost/cmake/test/simpletest/test/test.cpp
/home/alex/Projects/master/boost/cmake/test/superproject/CMakeLists.txt
/home/alex/Projects/master/boost/cmake/test/test.cmake
/home/alex/Projects/master/boost/libs/accumulators/CMakeLists.txt
/home/alex/Projects/master/boost/libs/accumulators/test/CMakeLists.txt
/home/alex/Projects/master/boost/libs/algorithm/CMakeLists.txt
/home/alex/Projects/master/boost/libs/algorithm/minmax/CMakeLists.txt
/home/alex/Projects/master/boost/libs/algorithm/minmax/test/CMakeLists.txt
/home/alex/Projects/master/boost/libs/algorithm/test/CMakeLists.txt
/home/alex/Projects/master/boost/libs/align/CMakeLists.txt
/home/alex/Projects/master/boost/libs/align/test/CMakeLists.txt
/home/alex/Projects/master/boost/libs/any/CMakeLists.txt
/home/alex/Projects/master/boost/libs/any/test/CMakeLists.txt
/home/alex/Projects/master/boost/libs/array/CMakeLists.txt
/home/alex/Projects/master/boost/libs/array/test/CMakeLists.txt
/home/alex/Projects/master/boost/libs/asio/CMakeLists.txt
/home/alex/Projects/master/boost/libs/asio/test/CMakeLists.txt
/home/alex/Projects/master/boost/libs/assert/CMakeLists.txt
/home/alex/Projects/master/boost/libs/assert/test/CMakeLists.txt
/home/alex/Projects/master/boost/libs/assign/CMakeLists.txt
/home/alex/Projects/master/boost/libs/assign/test/CMakeLists.txt
/home/alex/Projects/master/boost/libs/atomic/CMakeLists.txt
/home/alex/Projects/master/boost/libs/atomic/test/CMakeLists.txt
/home/alex/Projects/master/boost/libs/bimap/CMakeLists.txt
/home/alex/Projects/master/boost/libs/bimap/test/CMakeLists.txt
/home/alex/Projects/master/boost/libs/bind/CMakeLists.txt
/home/alex/Projects/master/boost/libs/bind/test/CMakeLists.txt
/home/alex/Projects/master/boost/libs/chrono/CMakeLists.txt
/home/alex/Projects/master/boost/libs/chrono/test/CMakeLists.txt
/home/alex/Projects/master/boost/libs/circular_buffer/CMakeLists.txt
/home/alex/Projects/master/boost/libs/circular_buffer/test/CMakeLists.txt
/home/alex/Projects/master/boost/libs/compatibility/CMakeLists.txt
/home/alex/Projects/master/boost/libs/compatibility/test/CMakeLists.txt
/home/alex/Projects/master/boost/libs/concept_check/CMakeLists.txt
/home/alex/Projects/master/boost/libs/concept_check/test/CMakeLists.txt
/home/alex/Projects/master/boost/libs/config/CMakeLists.txt
/home/alex/Projects/master/boost/libs/config/test/CMakeLists.txt
/home/alex/Projects/master/boost/libs/config/test/TestGen.cmake
/home/alex/Projects/master/boost/libs/config/test/fail.cpp
/home/alex/Projects/master/boost/libs/config/test/pass.cpp
/home/alex/Projects/master/boost/libs/container/CMakeLists.txt
/home/alex/Projects/master/boost/libs/container/test/CMakeLists.txt
/home/alex/Projects/master/boost/libs/context/CMakeLists.txt
/home/alex/Projects/master/boost/libs/context/test/CMakeLists.txt
/home/alex/Projects/master/boost/libs/conversion/CMakeLists.txt
/home/alex/Projects/master/boost/libs/conversion/test/CMakeLists.txt
/home/alex/Projects/master/boost/libs/core/CMakeLists.txt
/home/alex/Projects/master/boost/libs/core/test/CMakeLists.txt
/home/alex/Projects/master/boost/libs/coroutine/CMakeLists.txt
/home/alex/Projects/master/boost/libs/coroutine/test/CMakeLists.txt
/home/alex/Projects/master/boost/libs/crc/CMakeLists.txt
/home/alex/Projects/master/boost/libs/crc/test/CMakeLists.txt
/home/alex/Projects/master/boost/libs/date_time/CMakeLists.txt
/home/alex/Projects/master/boost/libs/date_time/test/CMakeLists.txt
/home/alex/Projects/master/boost/libs/detail/CMakeLists.txt
/home/alex/Projects/master/boost/libs/detail/test/CMakeLists.txt
/home/alex/Projects/master/boost/libs/disjoint_sets/CMakeLists.txt
/home/alex/Projects/master/boost/libs/disjoint_sets/test/CMakeLists.txt
/home/alex/Projects/master/boost/libs/dynamic_bitset/CMakeLists.txt
/home/alex/Projects/master/boost/libs/dynamic_bitset/test/CMakeLists.txt
/home/alex/Projects/master/boost/libs/endian/CMakeLists.txt
/home/alex/Projects/master/boost/libs/endian/test/CMakeLists.txt
/home/alex/Projects/master/boost/libs/exception/CMakeLists.txt
/home/alex/Projects/master/boost/libs/exception/test/CMakeLists.txt
/home/alex/Projects/master/boost/libs/filesystem/CMakeLists.txt
/home/alex/Projects/master/boost/libs/filesystem/test/CMakeLists.txt
/home/alex/Projects/master/boost/libs/flyweight/CMakeLists.txt
/home/alex/Projects/master/boost/libs/flyweight/test/CMakeLists.txt
/home/alex/Projects/master/boost/libs/foreach/CMakeLists.txt
/home/alex/Projects/master/boost/libs/foreach/test/CMakeLists.txt
/home/alex/Projects/master/boost/libs/format/CMakeLists.txt
/home/alex/Projects/master/boost/libs/format/test/CMakeLists.txt
/home/alex/Projects/master/boost/libs/function/CMakeLists.txt
/home/alex/Projects/master/boost/libs/function/test/CMakeLists.txt
/home/alex/Projects/master/boost/libs/function_types/CMakeLists.txt
/home/alex/Projects/master/boost/libs/function_types/test/CMakeLists.txt
/home/alex/Projects/master/boost/libs/functional/CMakeLists.txt
/home/alex/Projects/master/boost/libs/functional/test/CMakeLists.txt
/home/alex/Projects/master/boost/libs/fusion/CMakeLists.txt
/home/alex/Projects/master/boost/libs/fusion/test/CMakeLists.txt
/home/alex/Projects/master/boost/libs/geometry/CMakeLists.txt
/home/alex/Projects/master/boost/libs/geometry/test/CMakeLists.txt
/home/alex/Projects/master/boost/libs/gil/CMakeLists.txt
/home/alex/Projects/master/boost/libs/gil/test/CMakeLists.txt
/home/alex/Projects/master/boost/libs/graph/CMakeLists.txt
/home/alex/Projects/master/boost/libs/graph/test/CMakeLists.txt
/home/alex/Projects/master/boost/libs/heap/CMakeLists.txt
/home/alex/Projects/master/boost/libs/heap/test/CMakeLists.txt
/home/alex/Projects/master/boost/libs/icl/CMakeLists.txt
/home/alex/Projects/master/boost/libs/icl/test/CMakeLists.txt
/home/alex/Projects/master/boost/libs/integer/CMakeLists.txt
/home/alex/Projects/master/boost/libs/integer/test/CMakeLists.txt
/home/alex/Projects/master/boost/libs/interprocess/CMakeLists.txt
/home/alex/Projects/master/boost/libs/interprocess/test/CMakeLists.txt
/home/alex/Projects/master/boost/libs/intrusive/CMakeLists.txt
/home/alex/Projects/master/boost/libs/intrusive/test/CMakeLists.txt
/home/alex/Projects/master/boost/libs/io/CMakeLists.txt
/home/alex/Projects/master/boost/libs/io/test/CMakeLists.txt
/home/alex/Projects/master/boost/libs/iostreams/CMakeLists.txt
/home/alex/Projects/master/boost/libs/iostreams/test/CMakeLists.txt
/home/alex/Projects/master/boost/libs/iterator/CMakeLists.txt
/home/alex/Projects/master/boost/libs/iterator/test/CMakeLists.txt
/home/alex/Projects/master/boost/libs/lambda/CMakeLists.txt
/home/alex/Projects/master/boost/libs/lambda/test/CMakeLists.txt
/home/alex/Projects/master/boost/libs/lexical_cast/CMakeLists.txt
/home/alex/Projects/master/boost/libs/lexical_cast/test/CMakeLists.txt
/home/alex/Projects/master/boost/libs/local_function/CMakeLists.txt
/home/alex/Projects/master/boost/libs/local_function/test/CMakeLists.txt
/home/alex/Projects/master/boost/libs/locale/CMakeLists.txt
/home/alex/Projects/master/boost/libs/locale/cmake/FindICONV.cmake
/home/alex/Projects/master/boost/libs/locale/cmake/FindICU.cmake
/home/alex/Projects/master/boost/libs/locale/test/CMakeLists.txt
/home/alex/Projects/master/boost/libs/lockfree/CMakeLists.txt
/home/alex/Projects/master/boost/libs/lockfree/test/CMakeLists.txt
/home/alex/Projects/master/boost/libs/log/CMakeLists.txt
/home/alex/Projects/master/boost/libs/log/test/CMakeLists.txt
/home/alex/Projects/master/boost/libs/logic/CMakeLists.txt
/home/alex/Projects/master/boost/libs/logic/test/CMakeLists.txt
/home/alex/Projects/master/boost/libs/math/CMakeLists.txt
/home/alex/Projects/master/boost/libs/math/test/CMakeLists.txt
/home/alex/Projects/master/boost/libs/math/test/test_instances/CMakeLists.txt
/home/alex/Projects/master/boost/libs/move/CMakeLists.txt
/home/alex/Projects/master/boost/libs/move/test/CMakeLists.txt
/home/alex/Projects/master/boost/libs/mpi/CMakeLists.txt
/home/alex/Projects/master/boost/libs/mpi/test/CMakeLists.txt
/home/alex/Projects/master/boost/libs/mpl/CMakeLists.txt
/home/alex/Projects/master/boost/libs/mpl/test/CMakeLists.txt
/home/alex/Projects/master/boost/libs/msm/CMakeLists.txt
/home/alex/Projects/master/boost/libs/msm/test/CMakeLists.txt
/home/alex/Projects/master/boost/libs/multi_array/CMakeLists.txt
/home/alex/Projects/master/boost/libs/multi_array/test/CMakeLists.txt
/home/alex/Projects/master/boost/libs/multi_index/CMakeLists.txt
/home/alex/Projects/master/boost/libs/multi_index/test/CMakeLists.txt
/home/alex/Projects/master/boost/libs/multiprecision/CMakeLists.txt
/home/alex/Projects/master/boost/libs/multiprecision/test/CMakeLists.txt
/home/alex/Projects/master/boost/libs/numeric/conversion/CMakeLists.txt
/home/alex/Projects/master/boost/libs/numeric/conversion/test/CMakeLists.txt
/home/alex/Projects/master/boost/libs/numeric/interval/CMakeLists.txt
/home/alex/Projects/master/boost/libs/numeric/interval/test/CMakeLists.txt
/home/alex/Projects/master/boost/libs/numeric/odeint/CMakeLists.txt
/home/alex/Projects/master/boost/libs/numeric/odeint/test/CMakeLists.txt
/home/alex/Projects/master/boost/libs/numeric/ublas/CMakeLists.txt
/home/alex/Projects/master/boost/libs/numeric/ublas/test/CMakeLists.txt
/home/alex/Projects/master/boost/libs/optional/CMakeLists.txt
/home/alex/Projects/master/boost/libs/optional/test/CMakeLists.txt
/home/alex/Projects/master/boost/libs/parameter/CMakeLists.txt
/home/alex/Projects/master/boost/libs/parameter/test/CMakeLists.txt
/home/alex/Projects/master/boost/libs/phoenix/CMakeLists.txt
/home/alex/Projects/master/boost/libs/phoenix/test/CMakeLists.txt
/home/alex/Projects/master/boost/libs/polygon/CMakeLists.txt
/home/alex/Projects/master/boost/libs/polygon/test/CMakeLists.txt
/home/alex/Projects/master/boost/libs/pool/CMakeLists.txt
/home/alex/Projects/master/boost/libs/pool/test/CMakeLists.txt
/home/alex/Projects/master/boost/libs/predef/CMakeLists.txt
/home/alex/Projects/master/boost/libs/predef/test/CMakeLists.txt
/home/alex/Projects/master/boost/libs/preprocessor/CMakeLists.txt
/home/alex/Projects/master/boost/libs/preprocessor/test/CMakeLists.txt
/home/alex/Projects/master/boost/libs/program_options/CMakeLists.txt
/home/alex/Projects/master/boost/libs/program_options/test/CMakeLists.txt
/home/alex/Projects/master/boost/libs/property_map/CMakeLists.txt
/home/alex/Projects/master/boost/libs/property_map/test/CMakeLists.txt
/home/alex/Projects/master/boost/libs/property_tree/CMakeLists.txt
/home/alex/Projects/master/boost/libs/property_tree/test/CMakeLists.txt
/home/alex/Projects/master/boost/libs/proto/CMakeLists.txt
/home/alex/Projects/master/boost/libs/proto/test/CMakeLists.txt
/home/alex/Projects/master/boost/libs/ptr_container/CMakeLists.txt
/home/alex/Projects/master/boost/libs/ptr_container/test/CMakeLists.txt
/home/alex/Projects/master/boost/libs/python/CMakeLists.txt
/home/alex/Projects/master/boost/libs/python/test/CMakeLists.txt
/home/alex/Projects/master/boost/libs/random/CMakeLists.txt
/home/alex/Projects/master/boost/libs/random/test/CMakeLists.txt
/home/alex/Projects/master/boost/libs/range/CMakeLists.txt
/home/alex/Projects/master/boost/libs/range/test/CMakeLists.txt
/home/alex/Projects/master/boost/libs/ratio/CMakeLists.txt
/home/alex/Projects/master/boost/libs/ratio/test/CMakeLists.txt
/home/alex/Projects/master/boost/libs/rational/CMakeLists.txt
/home/alex/Projects/master/boost/libs/rational/test/CMakeLists.txt
/home/alex/Projects/master/boost/libs/regex/CMakeLists.txt
/home/alex/Projects/master/boost/libs/regex/test/CMakeLists.txt
/home/alex/Projects/master/boost/libs/scope_exit/CMakeLists.txt
/home/alex/Projects/master/boost/libs/scope_exit/test/CMakeLists.txt
/home/alex/Projects/master/boost/libs/serialization/CMakeLists.txt
/home/alex/Projects/master/boost/libs/serialization/test/CMakeLists.txt
/home/alex/Projects/master/boost/libs/signals/CMakeLists.txt
/home/alex/Projects/master/boost/libs/signals/test/CMakeLists.txt
/home/alex/Projects/master/boost/libs/signals2/CMakeLists.txt
/home/alex/Projects/master/boost/libs/signals2/test/CMakeLists.txt
/home/alex/Projects/master/boost/libs/smart_ptr/CMakeLists.txt
/home/alex/Projects/master/boost/libs/smart_ptr/test/CMakeLists.txt
/home/alex/Projects/master/boost/libs/sort/CMakeLists.txt
/home/alex/Projects/master/boost/libs/sort/test/CMakeLists.txt
/home/alex/Projects/master/boost/libs/spirit/CMakeLists.txt
/home/alex/Projects/master/boost/libs/spirit/test/CMakeLists.txt
/home/alex/Projects/master/boost/libs/statechart/CMakeLists.txt
/home/alex/Projects/master/boost/libs/statechart/test/CMakeLists.txt
/home/alex/Projects/master/boost/libs/static_assert/CMakeLists.txt
/home/alex/Projects/master/boost/libs/static_assert/test/CMakeLists.txt
/home/alex/Projects/master/boost/libs/system/CMakeLists.txt
/home/alex/Projects/master/boost/libs/system/test/CMakeLists.txt
/home/alex/Projects/master/boost/libs/test/CMakeLists.txt
/home/alex/Projects/master/boost/libs/thread/CMakeLists.txt
/home/alex/Projects/master/boost/libs/thread/test/CMakeLists.txt
/home/alex/Projects/master/boost/libs/throw_exception/CMakeLists.txt
/home/alex/Projects/master/boost/libs/throw_exception/test/CMakeLists.txt
/home/alex/Projects/master/boost/libs/timer/CMakeLists.txt
/home/alex/Projects/master/boost/libs/timer/test/CMakeLists.txt
/home/alex/Projects/master/boost/libs/tokenizer/CMakeLists.txt
/home/alex/Projects/master/boost/libs/tokenizer/test/CMakeLists.txt
/home/alex/Projects/master/boost/libs/tr1/CMakeLists.txt
/home/alex/Projects/master/boost/libs/tr1/test/CMakeLists.txt
/home/alex/Projects/master/boost/libs/tti/CMakeLists.txt
/home/alex/Projects/master/boost/libs/tti/test/CMakeLists.txt
/home/alex/Projects/master/boost/libs/tuple/CMakeLists.txt
/home/alex/Projects/master/boost/libs/tuple/test/CMakeLists.txt
/home/alex/Projects/master/boost/libs/type_erasure/CMakeLists.txt
/home/alex/Projects/master/boost/libs/type_erasure/test/CMakeLists.txt
/home/alex/Projects/master/boost/libs/type_index/CMakeLists.txt
/home/alex/Projects/master/boost/libs/type_index/test/CMakeLists.txt
/home/alex/Projects/master/boost/libs/type_traits/CMakeLists.txt
/home/alex/Projects/master/boost/libs/type_traits/test/CMakeLists.txt
/home/alex/Projects/master/boost/libs/typeof/CMakeLists.txt
/home/alex/Projects/master/boost/libs/typeof/test/CMakeLists.txt
/home/alex/Projects/master/boost/libs/units/CMakeLists.txt
/home/alex/Projects/master/boost/libs/units/test/CMakeLists.txt
/home/alex/Projects/master/boost/libs/unordered/CMakeLists.txt
/home/alex/Projects/master/boost/libs/unordered/test/CMakeLists.txt
/home/alex/Projects/master/boost/libs/utility/CMakeLists.txt
/home/alex/Projects/master/boost/libs/utility/test/CMakeLists.txt
/home/alex/Projects/master/boost/libs/uuid/CMakeLists.txt
/home/alex/Projects/master/boost/libs/uuid/test/CMakeLists.txt
/home/alex/Projects/master/boost/libs/variant/CMakeLists.txt
/home/alex/Projects/master/boost/libs/variant/test/CMakeLists.txt
/home/alex/Projects/master/boost/libs/wave/CMakeLists.txt
/home/alex/Projects/master/boost/libs/wave/test/CMakeLists.txt
/home/alex/Projects/master/boost/libs/winapi/CMakeLists.txt
/home/alex/Projects/master/boost/libs/winapi/test/CMakeLists.txt
/home/alex/Projects/master/boost/libs/xpressive/CMakeLists.txt
/home/alex/Projects/master/boost/libs/xpressive/test/CMakeLists.txt
